<?xml version="1.0" encoding="UTF-8"?>
<!-- Generated by org.testng.reporters.JUnitXMLReporter -->
<testsuite ignored="0" hostname="sony-VAIO" failures="0" tests="3" name="ChromeTest" time="13.141" errors="0" timestamp="09 Dec 2017 00:45:49 GMT">
  <testcase classname="crossBrowserTesting.CBT" name="verifyTitle" time="0.059"/>
  <testcase classname="crossBrowserTesting.CBT" name="verifyText2" time="0.376"/>
  <testcase classname="crossBrowserTesting.CBT" name="verifyRadioButton" time="0.148"/>
</testsuite> <!-- ChromeTest -->
