<?xml version="1.0" encoding="UTF-8"?>
<!-- Generated by org.testng.reporters.JUnitXMLReporter -->
<testsuite ignored="0" hostname="sony-VAIO" failures="0" tests="3" name="IETest" time="6.215" errors="0" timestamp="09 Dec 2017 00:45:55 GMT">
  <testcase classname="crossBrowserTesting.CBT" name="verifyTitle" time="0.038"/>
  <testcase classname="crossBrowserTesting.CBT" name="verifyText2" time="0.384"/>
  <testcase classname="crossBrowserTesting.CBT" name="verifyRadioButton" time="0.545"/>
</testsuite> <!-- IETest -->
