<?xml version="1.0" encoding="UTF-8"?>
<testng-results ignored="0" total="1" passed="1" failed="0" skipped="0">
  <reporter-output>
  </reporter-output>
  <suite started-at="2017-12-09T01:50:50Z" name="Default suite" finished-at="2017-12-09T01:50:58Z" duration-ms="8249">
    <groups>
    </groups>
    <test started-at="2017-12-09T01:50:50Z" name="Default test" finished-at="2017-12-09T01:50:58Z" duration-ms="8249">
      <class name="crossBrowserTesting.DifferentBowser">
        <test-method signature="openBrowser()[pri:0, instance:crossBrowserTesting.DifferentBowser@6e509ffa]" started-at="2017-12-08T20:50:50Z" name="openBrowser" finished-at="2017-12-08T20:50:58Z" duration-ms="8152" status="PASS">
          <reporter-output>
          </reporter-output>
        </test-method> <!-- openBrowser -->
      </class> <!-- crossBrowserTesting.DifferentBowser -->
    </test> <!-- Default test -->
  </suite> <!-- Default suite -->
</testng-results>
